[2016-07-24 18:01:20] START
[2016-07-24 18:01:20] EDIT welcome/controllers/default.py: 0
[2016-07-24 18:02:14] EDIT welcome/controllers/default.py: 0
[2016-07-24 18:02:35] EDIT welcome/controllers/default.py: 0
[2016-07-24 18:03:43] EDIT welcome/controllers/default.py: 1
[2016-07-24 18:08:29] EDIT welcome/views/default/index.html: 2
[2016-11-02 18:16:58] EDIT welcome/controllers/default.py: 1
[2016-11-02 18:18:25] EDIT welcome/controllers/default.py: 0
[2016-11-02 18:18:43] EDIT welcome/controllers/default.py: 0
[2016-11-02 18:35:20] EDIT welcome/views/default/index.html: 0
[2016-11-02 19:52:04] UPLOAD /Users/pawankp/Downloads/web2py/web2py.app/Contents/Resources/applications/welcome/static/teams.json: 12
[2016-11-02 19:57:15] UPLOAD /Users/pawankp/Downloads/web2py/web2py.app/Contents/Resources/applications/welcome/static/mapping.json: 52
[2016-11-02 21:51:59] EDIT welcome/controllers/default.py: 0
[2016-11-02 21:52:12] EDIT welcome/controllers/default.py: 0
[2016-11-02 21:54:04] EDIT welcome/controllers/default.py: 3
[2016-11-02 21:54:13] EDIT welcome/controllers/default.py: 1
[2016-11-02 21:54:43] EDIT welcome/controllers/default.py: -1
[2016-11-02 21:54:49] EDIT welcome/controllers/default.py: 0
[2016-11-02 21:54:57] EDIT welcome/controllers/default.py: 0
[2016-11-02 21:56:07] EDIT welcome/controllers/default.py: 2
[2016-11-02 21:56:12] EDIT welcome/controllers/default.py: 0
[2016-11-02 21:56:21] EDIT welcome/controllers/default.py: 0
[2016-11-02 21:59:43] EDIT welcome/controllers/default.py: 3
[2016-11-02 22:00:12] EDIT welcome/views/default/index.html: 2
[2016-11-02 22:00:54] EDIT welcome/views/default/index.html: 4
[2016-11-02 22:04:10] EDIT welcome/controllers/default.py: 1
[2016-11-02 22:04:21] EDIT welcome/controllers/default.py: 0
[2016-11-02 22:05:18] EDIT welcome/views/default/index.html: 0
[2016-11-03 12:45:47] UPLOAD /Users/pawankp/Downloads/web2py/web2py.app/Contents/Resources/applications/welcome/static/reverse_mapping.json: 52
[2016-11-03 13:33:07] EDIT welcome/controllers/default.py: 5
[2016-11-03 13:34:39] EDIT welcome/controllers/default.py: 1
[2016-11-03 13:34:45] EDIT welcome/controllers/default.py: 0
[2016-11-03 13:34:57] EDIT welcome/views/default/index.html: 0
[2016-11-03 13:35:43] EDIT welcome/controllers/default.py: 0
[2016-11-03 13:42:56] EDIT welcome/controllers/default.py: 0
[2016-11-03 13:46:16] EDIT welcome/controllers/default.py: 0
[2016-11-03 13:47:43] EDIT welcome/controllers/default.py: 0
[2016-11-03 13:59:35] EDIT welcome/controllers/default.py: 0
[2016-11-03 14:00:15] EDIT welcome/controllers/default.py: 2
[2016-11-03 14:00:27] EDIT welcome/controllers/default.py: 1
[2016-11-03 14:00:43] EDIT welcome/controllers/default.py: 1
[2016-11-03 14:24:02] EDIT welcome/controllers/default.py: 4
[2016-11-03 14:24:58] EDIT welcome/controllers/default.py: 0
[2016-11-03 14:25:40] EDIT welcome/controllers/default.py: 0
[2016-11-03 14:45:25] EDIT welcome/controllers/default.py: 0
[2016-11-03 14:46:58] EDIT welcome/controllers/default.py: 1
[2016-11-03 14:47:16] EDIT welcome/controllers/default.py: 0
[2016-11-03 14:47:57] EDIT welcome/controllers/default.py: 0
[2016-11-03 14:49:03] EDIT welcome/controllers/default.py: 0
[2016-11-03 14:49:27] EDIT welcome/controllers/default.py: 0
[2016-11-03 14:50:07] EDIT welcome/controllers/default.py: 0
[2016-11-03 14:51:17] EDIT welcome/controllers/default.py: 0
[2016-11-03 14:52:56] EDIT welcome/views/default/index.html: 2
[2016-11-03 14:53:24] EDIT welcome/controllers/default.py: 0
[2016-11-03 14:54:05] EDIT welcome/controllers/default.py: 1
[2016-11-03 14:54:46] EDIT welcome/controllers/default.py: -2
[2016-11-03 14:55:28] EDIT welcome/views/default/index.html: 0
[2016-11-03 14:56:18] EDIT welcome/views/default/index.html: 2
[2016-11-03 15:00:34] EDIT welcome/controllers/default.py: 1
[2016-11-03 15:06:39] EDIT welcome/views/default/index.html: 1
[2016-11-03 15:21:40] EDIT welcome/controllers/default.py: 0
[2016-11-03 15:23:22] EDIT welcome/controllers/default.py: 0
[2016-11-03 15:23:39] EDIT welcome/controllers/default.py: 1
[2016-11-03 15:23:42] EDIT welcome/controllers/default.py: 1
[2016-11-03 15:24:14] EDIT welcome/controllers/default.py: 0
[2016-11-03 15:24:17] EDIT welcome/controllers/default.py: 0
[2016-11-03 15:28:19] EDIT welcome/controllers/default.py: 1
[2016-11-03 15:46:29] CREATE deadlines.json: 0
[2016-11-03 15:46:46] EDIT welcome/private/deadlines.json: 2
[2016-11-03 15:46:55] EDIT welcome/private/deadlines.json: 1
[2016-11-03 15:47:19] EDIT welcome/private/deadlines.json: 0
[2016-11-03 16:02:24] EDIT welcome/private/deadlines.json: 0
[2016-11-03 16:02:36] EDIT welcome/controllers/default.py: 0
[2016-11-03 16:03:26] EDIT welcome/controllers/default.py: 2
[2016-11-03 16:03:31] EDIT welcome/controllers/default.py: 0
[2016-11-03 16:03:42] EDIT welcome/controllers/default.py: 0
[2016-11-03 16:04:28] EDIT welcome/controllers/default.py: 2
[2016-11-03 16:05:44] EDIT welcome/controllers/default.py: 0
[2016-11-03 16:05:53] EDIT welcome/controllers/default.py: 1
[2016-11-03 16:06:27] EDIT welcome/controllers/default.py: 1
[2016-11-03 16:06:35] EDIT welcome/controllers/default.py: 0
[2016-11-03 16:06:45] EDIT welcome/controllers/default.py: 0
[2016-11-03 16:06:47] EDIT welcome/controllers/default.py: 0
[2016-11-03 16:07:35] EDIT welcome/private/deadlines.json: 0
[2016-11-03 16:08:01] EDIT welcome/controllers/default.py: 2
[2016-11-03 16:08:16] EDIT welcome/controllers/default.py: 0
[2016-11-03 16:09:29] EDIT welcome/controllers/default.py: 0
[2016-11-03 16:09:34] EDIT welcome/controllers/default.py: 1
[2016-11-03 16:09:41] EDIT welcome/controllers/default.py: 1
[2016-11-03 16:13:44] EDIT welcome/controllers/default.py: 1
[2016-11-03 16:13:48] EDIT welcome/controllers/default.py: 0
[2016-11-03 16:14:31] CREATE captains_gameweek.json: 0
[2016-11-03 16:14:43] EDIT welcome/private/captains_gameweek.json: 2
[2016-11-03 16:15:16] EDIT welcome/private/captains_gameweek.json: 1
[2016-11-03 16:18:07] EDIT welcome/controllers/default.py: 1
[2016-11-03 16:18:43] EDIT welcome/controllers/default.py: 1
[2016-11-03 16:18:46] EDIT welcome/controllers/default.py: 0
[2016-11-03 16:18:54] EDIT welcome/controllers/default.py: 1
[2016-11-03 16:20:55] EDIT welcome/controllers/default.py: 1
[2016-11-03 16:21:37] EDIT welcome/controllers/default.py: 0
[2016-11-03 16:23:15] EDIT welcome/controllers/default.py: 2
[2016-11-03 16:23:44] EDIT welcome/controllers/default.py: 0
[2016-11-03 16:28:34] EDIT welcome/controllers/default.py: 0
[2016-11-03 16:28:56] EDIT welcome/controllers/default.py: 0
[2016-11-03 16:29:21] EDIT welcome/controllers/default.py: 0
[2016-11-03 16:30:17] EDIT welcome/controllers/default.py: 0
[2016-11-03 16:32:06] EDIT welcome/controllers/default.py: -1
[2016-11-03 16:33:03] EDIT welcome/controllers/default.py: -1
[2016-11-03 16:33:45] EDIT welcome/controllers/default.py: 1
[2016-11-03 16:34:45] EDIT welcome/private/captains_gameweek.json: 0
[2016-11-03 16:35:24] EDIT welcome/private/captains_gameweek.json: 0
[2016-11-03 16:36:13] EDIT welcome/controllers/default.py: 0
[2016-11-03 16:36:40] EDIT welcome/controllers/default.py: 0
[2016-11-03 16:36:52] EDIT welcome/controllers/default.py: 0
[2016-11-03 16:37:18] EDIT welcome/controllers/default.py: 0
[2016-11-03 16:37:52] EDIT welcome/controllers/default.py: 0
[2016-11-03 16:38:27] EDIT welcome/controllers/default.py: 0
[2016-11-03 16:44:14] EDIT welcome/controllers/default.py: -1
[2016-11-03 16:44:20] EDIT welcome/controllers/default.py: 1
[2016-11-03 16:44:58] EDIT welcome/controllers/default.py: -1
[2016-11-03 16:45:11] EDIT welcome/controllers/default.py: 2
[2016-11-03 16:45:13] EDIT welcome/controllers/default.py: 0
[2016-11-03 17:26:15] EDIT welcome/controllers/default.py: 2
[2016-11-03 17:26:52] EDIT welcome/controllers/default.py: 1
[2016-11-03 17:28:13] EDIT welcome/controllers/default.py: -1
[2016-11-03 17:28:59] EDIT welcome/controllers/default.py: 3
[2016-11-03 17:29:28] EDIT welcome/controllers/default.py: 0
[2016-11-03 17:29:40] EDIT welcome/controllers/default.py: 0
[2016-11-03 17:29:56] EDIT welcome/controllers/default.py: 2
[2016-11-03 17:30:05] EDIT welcome/controllers/default.py: 0
[2016-11-03 17:30:46] EDIT welcome/controllers/default.py: 0
[2016-11-03 17:32:21] EDIT welcome/controllers/default.py: 0
[2016-11-03 17:32:45] EDIT welcome/controllers/default.py: 1
[2016-11-03 17:33:13] EDIT welcome/controllers/default.py: 0
[2016-11-03 17:42:02] EDIT welcome/views/default/index.html: -1
[2016-11-03 17:43:17] EDIT welcome/private/deadlines.json: 0
[2016-11-03 17:43:59] EDIT welcome/controllers/default.py: 0
[2016-11-03 17:44:15] EDIT welcome/private/deadlines.json: 0
[2016-11-03 17:44:59] EDIT welcome/controllers/default.py: 0
[2016-11-03 17:45:20] EDIT welcome/controllers/default.py: 0
[2016-11-03 18:54:47] EDIT welcome/views/default/index.html: 3
[2016-11-03 23:24:53] EDIT welcome/controllers/default.py: 1
[2016-11-03 23:25:35] EDIT welcome/controllers/default.py: 2
[2016-11-03 23:26:43] EDIT welcome/controllers/default.py: 1
[2016-11-03 23:27:00] EDIT welcome/controllers/default.py: 0
[2016-11-03 23:27:03] EDIT welcome/controllers/default.py: 0
[2016-11-03 23:27:51] EDIT welcome/controllers/default.py: 0
[2016-11-03 23:28:41] EDIT welcome/controllers/default.py: 0
[2016-11-03 23:29:14] EDIT welcome/controllers/default.py: 0
[2016-11-03 23:31:41] EDIT welcome/controllers/default.py: -2
[2016-11-03 23:31:59] EDIT welcome/controllers/default.py: 0
[2016-11-03 23:34:05] EDIT welcome/controllers/default.py: 0
[2016-11-03 23:34:48] EDIT welcome/controllers/default.py: -2
[2016-11-03 23:35:20] EDIT welcome/controllers/default.py: 0
[2016-11-03 23:40:08] EDIT welcome/views/layout.html: 4
[2016-11-03 23:40:21] EDIT welcome/views/layout.html: 0
[2016-11-03 23:40:59] EDIT welcome/views/layout.html: 1
[2016-11-03 23:41:08] EDIT welcome/views/layout.html: 1
[2016-11-03 23:42:08] EDIT welcome/views/layout.html: -1
[2016-11-03 23:42:44] EDIT welcome/views/layout.html: 0
[2016-11-03 23:46:25] EDIT welcome/views/layout.html: -1
[2016-11-03 23:52:37] EDIT welcome/controllers/default.py: 4
[2016-11-03 23:52:48] EDIT welcome/controllers/default.py: 4
[2016-11-03 23:55:28] EDIT welcome/views/layout.html: 0
[2016-11-03 23:55:37] EDIT welcome/views/layout.html: 0
[2016-11-03 23:55:48] EDIT welcome/views/layout.html: 0
[2016-11-03 23:56:02] EDIT welcome/views/layout.html: 0
[2016-11-03 23:59:19] EDIT welcome/views/default/index.html: 0
[2016-11-04 00:00:33] EDIT welcome/views/layout.html: -4
[2016-11-04 00:01:03] EDIT welcome/views/layout.html: 0
[2016-11-04 00:02:19] EDIT welcome/controllers/default.py: 4
[2016-11-04 00:02:42] EDIT welcome/controllers/default.py: 2
[2016-11-04 00:02:47] EDIT welcome/controllers/default.py: 0
[2016-11-04 00:04:55] EDIT welcome/controllers/default.py: 0
[2016-11-04 00:05:54] EDIT welcome/views/default/index.html: 3
[2016-11-04 00:06:44] EDIT welcome/controllers/default.py: 1
[2016-11-04 00:06:47] EDIT welcome/controllers/default.py: 0
[2016-11-04 00:07:19] EDIT welcome/views/default/index.html: 1
[2016-11-04 00:07:41] EDIT welcome/views/default/index.html: 0
[2016-11-04 00:07:53] EDIT welcome/views/default/index.html: 0
[2016-11-04 00:08:33] EDIT welcome/views/default/index.html: 0
[2016-11-04 00:08:47] EDIT welcome/views/default/index.html: 0
[2016-11-04 00:10:01] EDIT welcome/views/default/index.html: -4
[2016-11-03 19:10:12] EDIT welcome/private/captains_gameweek.json: 10
